<?xml version="1.0" encoding="UTF-8"?>
<testng-results ignored="0" total="2" passed="2" failed="0" skipped="0">
  <reporter-output>
  </reporter-output>
  <suite started-at="2024-12-09T22:38:12 CET" name="User" finished-at="2024-12-09T22:38:33 CET" duration-ms="21265">
    <groups>
    </groups>
    <test started-at="2024-12-09T22:38:12 CET" name="User" finished-at="2024-12-09T22:38:33 CET" duration-ms="21265">
      <class name="com.demoqa.tests.bookStore.LoginTests">
        <test-method is-config="true" signature="init(java.lang.reflect.Method)[pri:0, instance:com.demoqa.tests.bookStore.LoginTests@19d481b]" started-at="2024-12-09T22:38:12 CET" name="init" finished-at="2024-12-09T22:38:20 CET" duration-ms="7892" status="PASS">
          <params>
            <param index="0">
              <value>
                <![CDATA[public void com.demoqa.tests.bookStore.LoginTests.LoginPositiveTest()]]>
              </value>
            </param>
          </params>
          <reporter-output>
          </reporter-output>
        </test-method> <!-- init -->
        <test-method is-config="true" signature="precondition()[pri:0, instance:com.demoqa.tests.bookStore.LoginTests@19d481b]" started-at="2024-12-09T22:38:20 CET" name="precondition" finished-at="2024-12-09T22:38:21 CET" duration-ms="927" status="PASS">
          <reporter-output>
          </reporter-output>
        </test-method> <!-- precondition -->
        <test-method signature="LoginPositiveTest()[pri:0, instance:com.demoqa.tests.bookStore.LoginTests@19d481b]" started-at="2024-12-09T22:38:21 CET" name="LoginPositiveTest" finished-at="2024-12-09T22:38:24 CET" duration-ms="3242" status="PASS">
          <reporter-output>
          </reporter-output>
        </test-method> <!-- LoginPositiveTest -->
      </class> <!-- com.demoqa.tests.bookStore.LoginTests -->
      <class name="com.demoqa.tests.bookStore.SearchBookTests">
        <test-method is-config="true" signature="init(java.lang.reflect.Method)[pri:0, instance:com.demoqa.tests.bookStore.SearchBookTests@d29f28]" started-at="2024-12-09T22:38:24 CET" name="init" finished-at="2024-12-09T22:38:31 CET" duration-ms="6775" status="PASS">
          <params>
            <param index="0">
              <value>
                <![CDATA[public void com.demoqa.tests.bookStore.SearchBookTests.searchBookPositiveTest()]]>
              </value>
            </param>
          </params>
          <reporter-output>
          </reporter-output>
        </test-method> <!-- init -->
        <test-method is-config="true" signature="precondition()[pri:0, instance:com.demoqa.tests.bookStore.SearchBookTests@d29f28]" started-at="2024-12-09T22:38:31 CET" name="precondition" finished-at="2024-12-09T22:38:31 CET" duration-ms="456" status="PASS">
          <reporter-output>
          </reporter-output>
        </test-method> <!-- precondition -->
        <test-method signature="searchBookPositiveTest()[pri:0, instance:com.demoqa.tests.bookStore.SearchBookTests@d29f28]" started-at="2024-12-09T22:38:31 CET" name="searchBookPositiveTest" finished-at="2024-12-09T22:38:33 CET" duration-ms="1874" status="PASS">
          <reporter-output>
          </reporter-output>
        </test-method> <!-- searchBookPositiveTest -->
      </class> <!-- com.demoqa.tests.bookStore.SearchBookTests -->
    </test> <!-- User -->
  </suite> <!-- User -->
</testng-results>
